0 info it worked if it ends with ok
1 verbose cli [ 'C:\\Program Files\\nodejs\\\\node.exe',
1 verbose cli   'C:\\Program Files\\nodejs\\node_modules\\npm\\bin\\npm-cli.js',
1 verbose cli   'install',
1 verbose cli   'kineticjs' ]
2 info using npm@1.4.3
3 info using node@v0.10.26
4 verbose node symlink C:\Program Files\nodejs\\node.exe
5 verbose readDependencies using package.json deps
6 verbose cache add [ 'kineticjs', null ]
7 verbose cache add name=undefined spec="kineticjs" args=["kineticjs",null]
8 verbose parsed url { protocol: null,
8 verbose parsed url   slashes: null,
8 verbose parsed url   auth: null,
8 verbose parsed url   host: null,
8 verbose parsed url   port: null,
8 verbose parsed url   hostname: null,
8 verbose parsed url   hash: null,
8 verbose parsed url   search: null,
8 verbose parsed url   query: null,
8 verbose parsed url   pathname: 'kineticjs',
8 verbose parsed url   path: 'kineticjs',
8 verbose parsed url   href: 'kineticjs' }
9 silly lockFile d0f9248c-kineticjs kineticjs
10 verbose lock kineticjs C:\Users\ronanbrett\AppData\Roaming\npm-cache\d0f9248c-kineticjs.lock
11 silly lockFile d0f9248c-kineticjs kineticjs
12 silly lockFile d0f9248c-kineticjs kineticjs
13 verbose addNamed [ 'kineticjs', '' ]
14 verbose addNamed [ null, '*' ]
15 silly lockFile 0acf5906-kineticjs kineticjs@
16 verbose lock kineticjs@ C:\Users\ronanbrett\AppData\Roaming\npm-cache\0acf5906-kineticjs.lock
17 silly addNameRange { name: 'kineticjs', range: '*', hasData: false }
18 verbose url raw kineticjs
19 verbose url resolving [ 'https://registry.npmjs.org/', './kineticjs' ]
20 verbose url resolved https://registry.npmjs.org/kineticjs
21 info trying registry request attempt 1 at 15:43:45
22 http GET https://registry.npmjs.org/kineticjs
23 http 404 https://registry.npmjs.org/kineticjs
24 silly registry.get cb [ 404,
24 silly registry.get   { date: 'Wed, 30 Jul 2014 05:43:36 GMT',
24 silly registry.get     server: 'CouchDB/1.5.0 (Erlang OTP/R16B03)',
24 silly registry.get     'content-type': 'application/json',
24 silly registry.get     'cache-control': 'max-age=0',
24 silly registry.get     'content-length': '52',
24 silly registry.get     'accept-ranges': 'bytes',
24 silly registry.get     via: '1.1 varnish',
24 silly registry.get     age: '0',
24 silly registry.get     'x-served-by': 'cache-syd1622-SYD',
24 silly registry.get     'x-cache': 'MISS',
24 silly registry.get     'x-cache-hits': '0',
24 silly registry.get     'x-timer': 'S1406699016.795963,VS0,VE188',
24 silly registry.get     'keep-alive': 'timeout=10, max=50',
24 silly registry.get     connection: 'Keep-Alive' } ]
25 silly lockFile 0acf5906-kineticjs kineticjs@
26 silly lockFile 0acf5906-kineticjs kineticjs@
27 error 404 'kineticjs' is not in the npm registry.
27 error 404 You should bug the author to publish it
27 error 404 It was specified as a dependency of 'honours'
27 error 404
27 error 404 Note that you can also install from a
27 error 404 tarball, folder, or http url, or git url.
28 error System Windows_NT 6.2.9200
29 error command "C:\\Program Files\\nodejs\\\\node.exe" "C:\\Program Files\\nodejs\\node_modules\\npm\\bin\\npm-cli.js" "install" "kineticjs"
30 error cwd C:\Users\ronanbrett\projects\honours\dev2
31 error node -v v0.10.26
32 error npm -v 1.4.3
33 error code E404
34 verbose exit [ 1, true ]
